  0.0000000E+00   3.500000      0.0000000E+00  0.0000000E+00  0.0000000E+00
   1.000000       3.500000      0.0000000E+00  0.0000000E+00  0.0000000E+00
   2.000000       3.480000      0.0000000E+00  0.0000000E+00  0.0000000E+00
   3.000000       3.480000      0.0000000E+00  0.0000000E+00  0.0000000E+00
   4.000000       3.480000      0.0000000E+00  0.0000000E+00  0.0000000E+00
   5.000000       3.500000      0.0000000E+00  0.0000000E+00  0.0000000E+00
   6.000000       3.500000      0.0000000E+00  0.0000000E+00  0.0000000E+00
   7.000000       3.500000      0.0000000E+00  0.0000000E+00  0.0000000E+00
   8.000000       3.500000      0.0000000E+00  0.0000000E+00  0.0000000E+00
   9.000000       3.520000      0.0000000E+00  0.0000000E+00  0.0000000E+00
   10.00000       3.520000      0.0000000E+00  0.0000000E+00  0.0000000E+00
   11.00000       3.560000      0.0000000E+00  0.0000000E+00  0.0000000E+00
   12.00000       3.580000      0.0000000E+00  0.0000000E+00  0.0000000E+00
   13.00000       3.600000      0.0000000E+00  0.0000000E+00  0.0000000E+00
   14.00000       3.620000      0.0000000E+00  0.0000000E+00  0.0000000E+00
   15.00000       3.640000      0.0000000E+00  0.0000000E+00  0.0000000E+00
   16.00000       3.660000      0.0000000E+00  0.0000000E+00  0.0000000E+00
   17.00000       3.700000      0.0000000E+00  0.0000000E+00  0.0000000E+00
   18.00000       3.700000      0.0000000E+00  0.0000000E+00  0.0000000E+00
   19.00000       3.720000      0.0000000E+00  0.0000000E+00  0.0000000E+00
   20.00000       3.740000      0.0000000E+00  0.0000000E+00  0.0000000E+00
   21.00000       3.780000      0.0000000E+00  0.0000000E+00  0.0000000E+00
   22.00000       3.780000      0.0000000E+00  0.0000000E+00  0.0000000E+00
   23.00000       3.800000      0.0000000E+00  0.0000000E+00  0.0000000E+00
   24.00000       3.820000      0.0000000E+00  0.0000000E+00  0.0000000E+00
   25.00000       3.860000      0.0000000E+00  0.0000000E+00  0.0000000E+00
   26.00000       3.860000      0.0000000E+00  0.0000000E+00  0.0000000E+00
   27.00000       3.900000      0.0000000E+00  0.0000000E+00  0.0000000E+00
   28.00000       3.900000      0.0000000E+00  0.0000000E+00  0.0000000E+00
   29.00000       3.920000      0.0000000E+00  0.0000000E+00  0.0000000E+00
   30.00000       3.940000      0.0000000E+00  0.0000000E+00  0.0000000E+00
   31.00000       3.960000      0.0000000E+00  0.0000000E+00  0.0000000E+00
   32.00000       3.980000      0.0000000E+00  0.0000000E+00  0.0000000E+00
   33.00000       4.020000      0.0000000E+00  0.0000000E+00  0.0000000E+00
   34.00000       4.040000      0.0000000E+00  0.0000000E+00  0.0000000E+00
   35.00000       4.060000      0.0000000E+00  0.0000000E+00  0.0000000E+00
   36.00000       4.100000      0.0000000E+00  0.0000000E+00  0.0000000E+00
   37.00000       4.100000      0.0000000E+00  0.0000000E+00  0.0000000E+00
   38.00000       4.140000      0.0000000E+00  0.0000000E+00  0.0000000E+00
   39.00000       4.140000      0.0000000E+00  0.0000000E+00  0.0000000E+00
   40.00000       4.220000      0.0000000E+00  0.0000000E+00  0.0000000E+00
   41.00000       4.220000      0.0000000E+00  0.0000000E+00  0.0000000E+00
   42.00000       4.260000      0.0000000E+00  0.0000000E+00  0.0000000E+00
   43.00000       4.260000      0.0000000E+00  0.0000000E+00  0.0000000E+00
   44.00000       4.340000      0.0000000E+00  0.0000000E+00  0.0000000E+00
   45.00000       4.340000      0.0000000E+00  0.0000000E+00  0.0000000E+00
   46.00000       4.420000      0.0000000E+00  0.0000000E+00  0.0000000E+00
   47.00000       4.500000      0.0000000E+00  0.0000000E+00  0.0000000E+00
   48.00000       4.460000      0.0000000E+00  0.0000000E+00  0.0000000E+00
   49.00000       4.480000      0.0000000E+00  0.0000000E+00  0.0000000E+00
   50.00000       4.540000      0.0000000E+00  0.0000000E+00  0.0000000E+00
   51.00000       4.520000      0.0000000E+00  0.0000000E+00  0.0000000E+00
   52.00000       4.540000      0.0000000E+00  0.0000000E+00  0.0000000E+00
   53.00000       4.540000      0.0000000E+00  0.0000000E+00  0.0000000E+00
   54.00000       4.580000      0.0000000E+00  0.0000000E+00  0.0000000E+00
   55.00000       4.580000      0.0000000E+00  0.0000000E+00  0.0000000E+00
   56.00000       4.580000      0.0000000E+00  0.0000000E+00  0.0000000E+00
   57.00000       4.580000      0.0000000E+00  0.0000000E+00  0.0000000E+00
   58.00000       4.580000      0.0000000E+00  0.0000000E+00  0.0000000E+00
   59.00000       4.580000      0.0000000E+00  0.0000000E+00  0.0000000E+00
   60.00000       4.600000      0.0000000E+00  0.0000000E+00  0.0000000E+00
   61.00000       4.600000      0.0000000E+00  0.0000000E+00  0.0000000E+00
   62.00000       4.620000      0.0000000E+00  0.0000000E+00  0.0000000E+00
   63.00000       4.600000      0.0000000E+00  0.0000000E+00  0.0000000E+00
   64.00000       4.600000      0.0000000E+00  0.0000000E+00  0.0000000E+00
   65.00000       4.580000      0.0000000E+00  0.0000000E+00  0.0000000E+00
   66.00000       4.640000      0.0000000E+00  0.0000000E+00  0.0000000E+00
   67.00000       4.580000      0.0000000E+00  0.0000000E+00  0.0000000E+00
   68.00000       4.600000      0.0000000E+00  0.0000000E+00  0.0000000E+00
   69.00000       4.580000      0.0000000E+00  0.0000000E+00  0.0000000E+00
   70.00000       4.600000      0.0000000E+00  0.0000000E+00  0.0000000E+00
   71.00000       4.540000      0.0000000E+00  0.0000000E+00  0.0000000E+00
   72.00000       4.560000      0.0000000E+00  0.0000000E+00  0.0000000E+00
   73.00000       4.580000      0.0000000E+00  0.0000000E+00  0.0000000E+00
   74.00000       4.560000      0.0000000E+00  0.0000000E+00  0.0000000E+00
   75.00000       4.580000      0.0000000E+00  0.0000000E+00  0.0000000E+00
   76.00000       4.580000      0.0000000E+00  0.0000000E+00  0.0000000E+00
   77.00000       4.540000      0.0000000E+00  0.0000000E+00  0.0000000E+00
   78.00000       4.560000      0.0000000E+00  0.0000000E+00  0.0000000E+00
   79.00000       4.580000      0.0000000E+00  0.0000000E+00  0.0000000E+00
   80.00000       4.580000      0.0000000E+00  0.0000000E+00  0.0000000E+00
   81.00000       4.580000      0.0000000E+00  0.0000000E+00  0.0000000E+00
   82.00000       4.520000      0.0000000E+00  0.0000000E+00  0.0000000E+00
   83.00000       4.540000      0.0000000E+00  0.0000000E+00  0.0000000E+00
   84.00000       4.540000      0.0000000E+00  0.0000000E+00  0.0000000E+00
   85.00000       4.540000      0.0000000E+00  0.0000000E+00  0.0000000E+00
   86.00000       4.560000      0.0000000E+00  0.0000000E+00  0.0000000E+00
   87.00000       4.560000      0.0000000E+00  0.0000000E+00  0.0000000E+00
   88.00000       4.540000      0.0000000E+00  0.0000000E+00  0.0000000E+00
   89.00000       4.560000      0.0000000E+00  0.0000000E+00  0.0000000E+00
   90.00000       4.540000      0.0000000E+00  0.0000000E+00  0.0000000E+00
   91.00000       4.540000      0.0000000E+00  0.0000000E+00  0.0000000E+00
   92.00000       4.540000      0.0000000E+00  0.0000000E+00  0.0000000E+00
   93.00000       4.540000      0.0000000E+00  0.0000000E+00  0.0000000E+00
   94.00000       4.540000      0.0000000E+00  0.0000000E+00  0.0000000E+00
   95.00000       4.540000      0.0000000E+00  0.0000000E+00  0.0000000E+00
   96.00000       4.520000      0.0000000E+00  0.0000000E+00  0.0000000E+00
   97.00000       4.520000      0.0000000E+00  0.0000000E+00  0.0000000E+00
   98.00000       4.500000      0.0000000E+00  0.0000000E+00  0.0000000E+00
   99.00000       4.500000      0.0000000E+00  0.0000000E+00  0.0000000E+00
   100.0000       4.560000      0.0000000E+00  0.0000000E+00  0.0000000E+00
   101.0000       4.500000      0.0000000E+00  0.0000000E+00  0.0000000E+00
   102.0000       4.540000      0.0000000E+00  0.0000000E+00  0.0000000E+00
   103.0000       4.540000      0.0000000E+00  0.0000000E+00  0.0000000E+00
   104.0000       4.540000      0.0000000E+00  0.0000000E+00  0.0000000E+00
   105.0000       4.520000      0.0000000E+00  0.0000000E+00  0.0000000E+00
   106.0000       4.520000      0.0000000E+00  0.0000000E+00  0.0000000E+00
   107.0000       4.520000      0.0000000E+00  0.0000000E+00  0.0000000E+00
   108.0000       4.520000      0.0000000E+00  0.0000000E+00  0.0000000E+00
   109.0000       4.520000      0.0000000E+00  0.0000000E+00  0.0000000E+00
   110.0000       4.500000      0.0000000E+00  0.0000000E+00  0.0000000E+00
   111.0000       4.500000      0.0000000E+00  0.0000000E+00  0.0000000E+00
   112.0000       4.500000      0.0000000E+00  0.0000000E+00  0.0000000E+00
   113.0000       4.520000      0.0000000E+00  0.0000000E+00  0.0000000E+00
   114.0000       4.520000      0.0000000E+00  0.0000000E+00  0.0000000E+00
   115.0000       4.520000      0.0000000E+00  0.0000000E+00  0.0000000E+00
   116.0000       4.540000      0.0000000E+00  0.0000000E+00  0.0000000E+00
   117.0000       4.540000      0.0000000E+00  0.0000000E+00  0.0000000E+00
   118.0000       4.540000      0.0000000E+00  0.0000000E+00  0.0000000E+00
   119.0000       4.540000      0.0000000E+00  0.0000000E+00  0.0000000E+00
   120.0000       4.500000      0.0000000E+00  0.0000000E+00  0.0000000E+00
   121.0000       4.500000      0.0000000E+00  0.0000000E+00  0.0000000E+00
   122.0000       4.500000      0.0000000E+00  0.0000000E+00  0.0000000E+00
   123.0000       4.500000      0.0000000E+00  0.0000000E+00  0.0000000E+00
   124.0000       4.480000      0.0000000E+00  0.0000000E+00  0.0000000E+00
   125.0000       4.480000      0.0000000E+00  0.0000000E+00  0.0000000E+00
   126.0000       4.500000      0.0000000E+00  0.0000000E+00  0.0000000E+00
   127.0000       4.500000      0.0000000E+00  0.0000000E+00  0.0000000E+00
   128.0000       4.500000      0.0000000E+00  0.0000000E+00  0.0000000E+00
   129.0000       4.500000      0.0000000E+00  0.0000000E+00  0.0000000E+00
   130.0000       4.500000      0.0000000E+00  0.0000000E+00  0.0000000E+00
   131.0000       4.500000      0.0000000E+00  0.0000000E+00  0.0000000E+00
   132.0000       4.420000      0.0000000E+00  0.0000000E+00  0.0000000E+00
   133.0000       4.500000      0.0000000E+00  0.0000000E+00  0.0000000E+00
   134.0000       4.500000      0.0000000E+00  0.0000000E+00  0.0000000E+00
   135.0000       4.500000      0.0000000E+00  0.0000000E+00  0.0000000E+00
   136.0000       4.460000      0.0000000E+00  0.0000000E+00  0.0000000E+00
   137.0000       4.460000      0.0000000E+00  0.0000000E+00  0.0000000E+00
   138.0000       4.460000      0.0000000E+00  0.0000000E+00  0.0000000E+00
   139.0000       4.460000      0.0000000E+00  0.0000000E+00  0.0000000E+00
   140.0000       4.460000      0.0000000E+00  0.0000000E+00  0.0000000E+00
   141.0000       4.460000      0.0000000E+00  0.0000000E+00  0.0000000E+00
   142.0000       4.440000      0.0000000E+00  0.0000000E+00  0.0000000E+00
   143.0000       4.440000      0.0000000E+00  0.0000000E+00  0.0000000E+00
   144.0000       4.440000      0.0000000E+00  0.0000000E+00  0.0000000E+00
   145.0000       4.440000      0.0000000E+00  0.0000000E+00  0.0000000E+00
   146.0000       4.440000      0.0000000E+00  0.0000000E+00  0.0000000E+00
   147.0000       4.460000      0.0000000E+00  0.0000000E+00  0.0000000E+00
   148.0000       4.460000      0.0000000E+00  0.0000000E+00  0.0000000E+00
   149.0000       4.460000      0.0000000E+00  0.0000000E+00  0.0000000E+00
   150.0000       4.460000      0.0000000E+00  0.0000000E+00  0.0000000E+00
   151.0000       4.480000      0.0000000E+00  0.0000000E+00  0.0000000E+00
   152.0000       4.480000      0.0000000E+00  0.0000000E+00  0.0000000E+00
   153.0000       4.480000      0.0000000E+00  0.0000000E+00  0.0000000E+00
   154.0000       4.480000      0.0000000E+00  0.0000000E+00  0.0000000E+00
   155.0000       4.480000      0.0000000E+00  0.0000000E+00  0.0000000E+00
   156.0000       4.480000      0.0000000E+00  0.0000000E+00  0.0000000E+00
   157.0000       4.480000      0.0000000E+00  0.0000000E+00  0.0000000E+00
   158.0000       4.460000      0.0000000E+00  0.0000000E+00  0.0000000E+00
   159.0000       4.460000      0.0000000E+00  0.0000000E+00  0.0000000E+00
   160.0000       4.460000      0.0000000E+00  0.0000000E+00  0.0000000E+00
   161.0000       4.460000      0.0000000E+00  0.0000000E+00  0.0000000E+00
   162.0000       4.460000      0.0000000E+00  0.0000000E+00  0.0000000E+00
   163.0000       4.460000      0.0000000E+00  0.0000000E+00  0.0000000E+00
   164.0000       4.520000      0.0000000E+00  0.0000000E+00  0.0000000E+00
   165.0000       4.520000      0.0000000E+00  0.0000000E+00  0.0000000E+00
   166.0000       4.520000      0.0000000E+00  0.0000000E+00  0.0000000E+00
   167.0000       4.520000      0.0000000E+00  0.0000000E+00  0.0000000E+00
   168.0000       4.480000      0.0000000E+00  0.0000000E+00  0.0000000E+00
   169.0000       4.480000      0.0000000E+00  0.0000000E+00  0.0000000E+00
   170.0000       4.500000      0.0000000E+00  0.0000000E+00  0.0000000E+00
   171.0000       4.520000      0.0000000E+00  0.0000000E+00  0.0000000E+00
   172.0000       4.520000      0.0000000E+00  0.0000000E+00  0.0000000E+00
   173.0000       4.520000      0.0000000E+00  0.0000000E+00  0.0000000E+00
   174.0000       4.520000      0.0000000E+00  0.0000000E+00  0.0000000E+00
   175.0000       4.480000      0.0000000E+00  0.0000000E+00  0.0000000E+00
   176.0000       4.440000      0.0000000E+00  0.0000000E+00  0.0000000E+00
   177.0000       4.480000      0.0000000E+00  0.0000000E+00  0.0000000E+00
   178.0000       4.480000      0.0000000E+00  0.0000000E+00  0.0000000E+00
   179.0000       4.440000      0.0000000E+00  0.0000000E+00  0.0000000E+00
   180.0000       4.460000      0.0000000E+00  0.0000000E+00  0.0000000E+00
   181.0000       4.500000      0.0000000E+00  0.0000000E+00  0.0000000E+00
   182.0000       4.500000      0.0000000E+00  0.0000000E+00  0.0000000E+00
   183.0000       4.500000      0.0000000E+00  0.0000000E+00  0.0000000E+00
   184.0000       4.500000      0.0000000E+00  0.0000000E+00  0.0000000E+00
   185.0000       4.480000      0.0000000E+00  0.0000000E+00  0.0000000E+00
   186.0000       4.420000      0.0000000E+00  0.0000000E+00  0.0000000E+00
   187.0000       4.420000      0.0000000E+00  0.0000000E+00  0.0000000E+00
   188.0000       4.420000      0.0000000E+00  0.0000000E+00  0.0000000E+00
   189.0000       4.580000      0.0000000E+00  0.0000000E+00  0.0000000E+00
   190.0000       4.560000      0.0000000E+00  0.0000000E+00  0.0000000E+00
   191.0000       4.560000      0.0000000E+00  0.0000000E+00  0.0000000E+00
   192.0000       4.560000      0.0000000E+00  0.0000000E+00  0.0000000E+00
   193.0000       4.540000      0.0000000E+00  0.0000000E+00  0.0000000E+00
   194.0000       4.520000      0.0000000E+00  0.0000000E+00  0.0000000E+00
   195.0000       4.520000      0.0000000E+00  0.0000000E+00  0.0000000E+00
   196.0000       4.520000      0.0000000E+00  0.0000000E+00  0.0000000E+00
   197.0000       4.520000      0.0000000E+00  0.0000000E+00  0.0000000E+00
   198.0000       4.520000      0.0000000E+00  0.0000000E+00  0.0000000E+00
   199.0000       4.520000      0.0000000E+00  0.0000000E+00  0.0000000E+00
