  0.0000000E+00   3.438981      0.0000000E+00  0.0000000E+00  0.0000000E+00
   1.000000       3.439116      0.0000000E+00  0.0000000E+00  0.0000000E+00
   2.000000       3.458308      0.0000000E+00  0.0000000E+00  0.0000000E+00
   3.000000       3.466296      0.0000000E+00  0.0000000E+00  0.0000000E+00
   4.000000       3.480550      0.0000000E+00  0.0000000E+00  0.0000000E+00
   5.000000       3.493670      0.0000000E+00  0.0000000E+00  0.0000000E+00
   6.000000       3.506290      0.0000000E+00  0.0000000E+00  0.0000000E+00
   7.000000       3.519676      0.0000000E+00  0.0000000E+00  0.0000000E+00
   8.000000       3.533587      0.0000000E+00  0.0000000E+00  0.0000000E+00
   9.000000       3.547154      0.0000000E+00  0.0000000E+00  0.0000000E+00
   10.00000       3.561525      0.0000000E+00  0.0000000E+00  0.0000000E+00
   11.00000       3.576939      0.0000000E+00  0.0000000E+00  0.0000000E+00
   12.00000       3.593153      0.0000000E+00  0.0000000E+00  0.0000000E+00
   13.00000       3.609974      0.0000000E+00  0.0000000E+00  0.0000000E+00
   14.00000       3.628284      0.0000000E+00  0.0000000E+00  0.0000000E+00
   15.00000       3.646156      0.0000000E+00  0.0000000E+00  0.0000000E+00
   16.00000       3.664865      0.0000000E+00  0.0000000E+00  0.0000000E+00
   17.00000       3.684717      0.0000000E+00  0.0000000E+00  0.0000000E+00
   18.00000       3.703053      0.0000000E+00  0.0000000E+00  0.0000000E+00
   19.00000       3.721786      0.0000000E+00  0.0000000E+00  0.0000000E+00
   20.00000       3.740789      0.0000000E+00  0.0000000E+00  0.0000000E+00
   21.00000       3.759127      0.0000000E+00  0.0000000E+00  0.0000000E+00
   22.00000       3.777258      0.0000000E+00  0.0000000E+00  0.0000000E+00
   23.00000       3.796480      0.0000000E+00  0.0000000E+00  0.0000000E+00
   24.00000       3.813799      0.0000000E+00  0.0000000E+00  0.0000000E+00
   25.00000       3.833204      0.0000000E+00  0.0000000E+00  0.0000000E+00
   26.00000       3.854201      0.0000000E+00  0.0000000E+00  0.0000000E+00
   27.00000       3.875493      0.0000000E+00  0.0000000E+00  0.0000000E+00
   28.00000       3.896395      0.0000000E+00  0.0000000E+00  0.0000000E+00
   29.00000       3.919714      0.0000000E+00  0.0000000E+00  0.0000000E+00
   30.00000       3.944397      0.0000000E+00  0.0000000E+00  0.0000000E+00
   31.00000       3.971356      0.0000000E+00  0.0000000E+00  0.0000000E+00
   32.00000       3.999624      0.0000000E+00  0.0000000E+00  0.0000000E+00
   33.00000       4.029024      0.0000000E+00  0.0000000E+00  0.0000000E+00
   34.00000       4.061864      0.0000000E+00  0.0000000E+00  0.0000000E+00
   35.00000       4.094385      0.0000000E+00  0.0000000E+00  0.0000000E+00
   36.00000       4.128291      0.0000000E+00  0.0000000E+00  0.0000000E+00
   37.00000       4.164608      0.0000000E+00  0.0000000E+00  0.0000000E+00
   38.00000       4.197051      0.0000000E+00  0.0000000E+00  0.0000000E+00
   39.00000       4.231042      0.0000000E+00  0.0000000E+00  0.0000000E+00
   40.00000       4.265029      0.0000000E+00  0.0000000E+00  0.0000000E+00
   41.00000       4.297946      0.0000000E+00  0.0000000E+00  0.0000000E+00
   42.00000       4.326940      0.0000000E+00  0.0000000E+00  0.0000000E+00
   43.00000       4.354978      0.0000000E+00  0.0000000E+00  0.0000000E+00
   44.00000       4.381080      0.0000000E+00  0.0000000E+00  0.0000000E+00
   45.00000       4.405555      0.0000000E+00  0.0000000E+00  0.0000000E+00
   46.00000       4.427997      0.0000000E+00  0.0000000E+00  0.0000000E+00
   47.00000       4.448441      0.0000000E+00  0.0000000E+00  0.0000000E+00
   48.00000       4.466691      0.0000000E+00  0.0000000E+00  0.0000000E+00
   49.00000       4.484056      0.0000000E+00  0.0000000E+00  0.0000000E+00
   50.00000       4.500617      0.0000000E+00  0.0000000E+00  0.0000000E+00
   51.00000       4.515137      0.0000000E+00  0.0000000E+00  0.0000000E+00
   52.00000       4.526993      0.0000000E+00  0.0000000E+00  0.0000000E+00
   53.00000       4.537866      0.0000000E+00  0.0000000E+00  0.0000000E+00
   54.00000       4.547491      0.0000000E+00  0.0000000E+00  0.0000000E+00
   55.00000       4.555888      0.0000000E+00  0.0000000E+00  0.0000000E+00
   56.00000       4.562644      0.0000000E+00  0.0000000E+00  0.0000000E+00
   57.00000       4.568492      0.0000000E+00  0.0000000E+00  0.0000000E+00
   58.00000       4.574590      0.0000000E+00  0.0000000E+00  0.0000000E+00
   59.00000       4.579135      0.0000000E+00  0.0000000E+00  0.0000000E+00
   60.00000       4.582975      0.0000000E+00  0.0000000E+00  0.0000000E+00
   61.00000       4.583676      0.0000000E+00  0.0000000E+00  0.0000000E+00
   62.00000       4.583772      0.0000000E+00  0.0000000E+00  0.0000000E+00
   63.00000       4.583797      0.0000000E+00  0.0000000E+00  0.0000000E+00
   64.00000       4.583688      0.0000000E+00  0.0000000E+00  0.0000000E+00
   65.00000       4.583675      0.0000000E+00  0.0000000E+00  0.0000000E+00
   66.00000       4.583217      0.0000000E+00  0.0000000E+00  0.0000000E+00
   67.00000       4.582670      0.0000000E+00  0.0000000E+00  0.0000000E+00
   68.00000       4.582012      0.0000000E+00  0.0000000E+00  0.0000000E+00
   69.00000       4.581289      0.0000000E+00  0.0000000E+00  0.0000000E+00
   70.00000       4.580297      0.0000000E+00  0.0000000E+00  0.0000000E+00
   71.00000       4.579404      0.0000000E+00  0.0000000E+00  0.0000000E+00
   72.00000       4.578216      0.0000000E+00  0.0000000E+00  0.0000000E+00
   73.00000       4.576972      0.0000000E+00  0.0000000E+00  0.0000000E+00
   74.00000       4.575683      0.0000000E+00  0.0000000E+00  0.0000000E+00
   75.00000       4.574324      0.0000000E+00  0.0000000E+00  0.0000000E+00
   76.00000       4.572696      0.0000000E+00  0.0000000E+00  0.0000000E+00
   77.00000       4.571054      0.0000000E+00  0.0000000E+00  0.0000000E+00
   78.00000       4.569488      0.0000000E+00  0.0000000E+00  0.0000000E+00
   79.00000       4.567834      0.0000000E+00  0.0000000E+00  0.0000000E+00
   80.00000       4.566003      0.0000000E+00  0.0000000E+00  0.0000000E+00
   81.00000       4.564126      0.0000000E+00  0.0000000E+00  0.0000000E+00
   82.00000       4.562293      0.0000000E+00  0.0000000E+00  0.0000000E+00
   83.00000       4.560257      0.0000000E+00  0.0000000E+00  0.0000000E+00
   84.00000       4.558290      0.0000000E+00  0.0000000E+00  0.0000000E+00
   85.00000       4.556365      0.0000000E+00  0.0000000E+00  0.0000000E+00
   86.00000       4.554318      0.0000000E+00  0.0000000E+00  0.0000000E+00
   87.00000       4.552201      0.0000000E+00  0.0000000E+00  0.0000000E+00
   88.00000       4.550142      0.0000000E+00  0.0000000E+00  0.0000000E+00
   89.00000       4.548067      0.0000000E+00  0.0000000E+00  0.0000000E+00
   90.00000       4.545972      0.0000000E+00  0.0000000E+00  0.0000000E+00
   91.00000       4.543802      0.0000000E+00  0.0000000E+00  0.0000000E+00
   92.00000       4.541788      0.0000000E+00  0.0000000E+00  0.0000000E+00
   93.00000       4.539704      0.0000000E+00  0.0000000E+00  0.0000000E+00
   94.00000       4.537497      0.0000000E+00  0.0000000E+00  0.0000000E+00
   95.00000       4.535436      0.0000000E+00  0.0000000E+00  0.0000000E+00
   96.00000       4.533391      0.0000000E+00  0.0000000E+00  0.0000000E+00
   97.00000       4.531351      0.0000000E+00  0.0000000E+00  0.0000000E+00
   98.00000       4.529218      0.0000000E+00  0.0000000E+00  0.0000000E+00
   99.00000       4.527209      0.0000000E+00  0.0000000E+00  0.0000000E+00
   100.0000       4.525185      0.0000000E+00  0.0000000E+00  0.0000000E+00
   101.0000       4.523169      0.0000000E+00  0.0000000E+00  0.0000000E+00
   102.0000       4.521180      0.0000000E+00  0.0000000E+00  0.0000000E+00
   103.0000       4.519120      0.0000000E+00  0.0000000E+00  0.0000000E+00
   104.0000       4.517202      0.0000000E+00  0.0000000E+00  0.0000000E+00
   105.0000       4.515372      0.0000000E+00  0.0000000E+00  0.0000000E+00
   106.0000       4.513392      0.0000000E+00  0.0000000E+00  0.0000000E+00
   107.0000       4.511382      0.0000000E+00  0.0000000E+00  0.0000000E+00
   108.0000       4.509534      0.0000000E+00  0.0000000E+00  0.0000000E+00
   109.0000       4.507766      0.0000000E+00  0.0000000E+00  0.0000000E+00
   110.0000       4.505922      0.0000000E+00  0.0000000E+00  0.0000000E+00
   111.0000       4.503993      0.0000000E+00  0.0000000E+00  0.0000000E+00
   112.0000       4.502244      0.0000000E+00  0.0000000E+00  0.0000000E+00
   113.0000       4.500466      0.0000000E+00  0.0000000E+00  0.0000000E+00
   114.0000       4.498738      0.0000000E+00  0.0000000E+00  0.0000000E+00
   115.0000       4.496882      0.0000000E+00  0.0000000E+00  0.0000000E+00
   116.0000       4.495251      0.0000000E+00  0.0000000E+00  0.0000000E+00
   117.0000       4.493609      0.0000000E+00  0.0000000E+00  0.0000000E+00
   118.0000       4.491883      0.0000000E+00  0.0000000E+00  0.0000000E+00
   119.0000       4.490261      0.0000000E+00  0.0000000E+00  0.0000000E+00
   120.0000       4.488603      0.0000000E+00  0.0000000E+00  0.0000000E+00
   121.0000       4.487052      0.0000000E+00  0.0000000E+00  0.0000000E+00
   122.0000       4.485479      0.0000000E+00  0.0000000E+00  0.0000000E+00
   123.0000       4.483918      0.0000000E+00  0.0000000E+00  0.0000000E+00
   124.0000       4.482367      0.0000000E+00  0.0000000E+00  0.0000000E+00
   125.0000       4.480969      0.0000000E+00  0.0000000E+00  0.0000000E+00
   126.0000       4.479501      0.0000000E+00  0.0000000E+00  0.0000000E+00
   127.0000       4.478007      0.0000000E+00  0.0000000E+00  0.0000000E+00
   128.0000       4.476576      0.0000000E+00  0.0000000E+00  0.0000000E+00
   129.0000       4.475310      0.0000000E+00  0.0000000E+00  0.0000000E+00
   130.0000       4.473958      0.0000000E+00  0.0000000E+00  0.0000000E+00
   131.0000       4.472513      0.0000000E+00  0.0000000E+00  0.0000000E+00
   132.0000       4.471213      0.0000000E+00  0.0000000E+00  0.0000000E+00
   133.0000       4.470069      0.0000000E+00  0.0000000E+00  0.0000000E+00
   134.0000       4.468762      0.0000000E+00  0.0000000E+00  0.0000000E+00
   135.0000       4.467516      0.0000000E+00  0.0000000E+00  0.0000000E+00
   136.0000       4.466373      0.0000000E+00  0.0000000E+00  0.0000000E+00
   137.0000       4.465291      0.0000000E+00  0.0000000E+00  0.0000000E+00
   138.0000       4.464065      0.0000000E+00  0.0000000E+00  0.0000000E+00
   139.0000       4.463017      0.0000000E+00  0.0000000E+00  0.0000000E+00
   140.0000       4.462015      0.0000000E+00  0.0000000E+00  0.0000000E+00
   141.0000       4.460942      0.0000000E+00  0.0000000E+00  0.0000000E+00
   142.0000       4.459928      0.0000000E+00  0.0000000E+00  0.0000000E+00
   143.0000       4.459033      0.0000000E+00  0.0000000E+00  0.0000000E+00
   144.0000       4.458128      0.0000000E+00  0.0000000E+00  0.0000000E+00
   145.0000       4.457170      0.0000000E+00  0.0000000E+00  0.0000000E+00
   146.0000       4.456354      0.0000000E+00  0.0000000E+00  0.0000000E+00
   147.0000       4.455534      0.0000000E+00  0.0000000E+00  0.0000000E+00
   148.0000       4.454774      0.0000000E+00  0.0000000E+00  0.0000000E+00
   149.0000       4.453972      0.0000000E+00  0.0000000E+00  0.0000000E+00
   150.0000       4.453254      0.0000000E+00  0.0000000E+00  0.0000000E+00
   151.0000       4.452560      0.0000000E+00  0.0000000E+00  0.0000000E+00
   152.0000       4.451948      0.0000000E+00  0.0000000E+00  0.0000000E+00
   153.0000       4.451399      0.0000000E+00  0.0000000E+00  0.0000000E+00
   154.0000       4.450793      0.0000000E+00  0.0000000E+00  0.0000000E+00
   155.0000       4.450230      0.0000000E+00  0.0000000E+00  0.0000000E+00
   156.0000       4.449780      0.0000000E+00  0.0000000E+00  0.0000000E+00
   157.0000       4.449292      0.0000000E+00  0.0000000E+00  0.0000000E+00
   158.0000       4.448869      0.0000000E+00  0.0000000E+00  0.0000000E+00
   159.0000       4.448491      0.0000000E+00  0.0000000E+00  0.0000000E+00
   160.0000       4.448206      0.0000000E+00  0.0000000E+00  0.0000000E+00
   161.0000       4.447916      0.0000000E+00  0.0000000E+00  0.0000000E+00
   162.0000       4.447546      0.0000000E+00  0.0000000E+00  0.0000000E+00
   163.0000       4.447372      0.0000000E+00  0.0000000E+00  0.0000000E+00
   164.0000       4.447272      0.0000000E+00  0.0000000E+00  0.0000000E+00
   165.0000       4.447069      0.0000000E+00  0.0000000E+00  0.0000000E+00
   166.0000       4.446970      0.0000000E+00  0.0000000E+00  0.0000000E+00
   167.0000       4.446946      0.0000000E+00  0.0000000E+00  0.0000000E+00
   168.0000       4.446962      0.0000000E+00  0.0000000E+00  0.0000000E+00
   169.0000       4.446899      0.0000000E+00  0.0000000E+00  0.0000000E+00
   170.0000       4.447049      0.0000000E+00  0.0000000E+00  0.0000000E+00
   171.0000       4.447244      0.0000000E+00  0.0000000E+00  0.0000000E+00
   172.0000       4.447347      0.0000000E+00  0.0000000E+00  0.0000000E+00
   173.0000       4.447477      0.0000000E+00  0.0000000E+00  0.0000000E+00
   174.0000       4.447763      0.0000000E+00  0.0000000E+00  0.0000000E+00
   175.0000       4.448077      0.0000000E+00  0.0000000E+00  0.0000000E+00
   176.0000       4.448462      0.0000000E+00  0.0000000E+00  0.0000000E+00
   177.0000       4.448718      0.0000000E+00  0.0000000E+00  0.0000000E+00
   178.0000       4.449302      0.0000000E+00  0.0000000E+00  0.0000000E+00
   179.0000       4.449783      0.0000000E+00  0.0000000E+00  0.0000000E+00
   180.0000       4.450197      0.0000000E+00  0.0000000E+00  0.0000000E+00
   181.0000       4.450670      0.0000000E+00  0.0000000E+00  0.0000000E+00
   182.0000       4.451606      0.0000000E+00  0.0000000E+00  0.0000000E+00
   183.0000       4.452174      0.0000000E+00  0.0000000E+00  0.0000000E+00
   184.0000       4.452595      0.0000000E+00  0.0000000E+00  0.0000000E+00
   185.0000       4.453603      0.0000000E+00  0.0000000E+00  0.0000000E+00
   186.0000       4.454798      0.0000000E+00  0.0000000E+00  0.0000000E+00
   187.0000       4.455059      0.0000000E+00  0.0000000E+00  0.0000000E+00
   188.0000       4.455698      0.0000000E+00  0.0000000E+00  0.0000000E+00
   189.0000       4.457546      0.0000000E+00  0.0000000E+00  0.0000000E+00
   190.0000       4.458725      0.0000000E+00  0.0000000E+00  0.0000000E+00
   191.0000       4.458725      0.0000000E+00  0.0000000E+00  0.0000000E+00
   192.0000       4.459527      0.0000000E+00  0.0000000E+00  0.0000000E+00
   193.0000       4.462720      0.0000000E+00  0.0000000E+00  0.0000000E+00
   194.0000       4.463109      0.0000000E+00  0.0000000E+00  0.0000000E+00
   195.0000       4.463109      0.0000000E+00  0.0000000E+00  0.0000000E+00
   196.0000       4.463109      0.0000000E+00  0.0000000E+00  0.0000000E+00
   197.0000       4.463109      0.0000000E+00  0.0000000E+00  0.0000000E+00
   198.0000       4.463109      0.0000000E+00  0.0000000E+00  0.0000000E+00
   199.0000       4.463109      0.0000000E+00  0.0000000E+00  0.0000000E+00
